build/app/outputs/mapping/release/seeds.txt
com.aloit.shipper.app_shipper.MainActivity
com.aloit.shipper.app_shipper.MainActivity: MainActivity()
...
kotlinx.coroutines.JobSupport: java.lang.Object _parentHandle
com.google.android.gms.internal.measurement.zzgd: java.lang.String zzy
com.google.android.gms.internal.vision.zzfi$zzj: com.google.android.gms.internal.vision.zzkx zzj
io.sentry.SentryOptions: java.util.List eventProcessors
com.google.android.gms.internal.ads.zzapj: long zzv
com.google.android.gms.internal.ads.zzapj: int zzat
com.google.android.gms.internal.ads.zzapj: java.lang.String zzC
com.google.android.gms.internal.ads.zzgnl: com.google.android.gms.internal.ads.zzgnl zzb
io.sentry.flutter.R$styleable: int FontFamilyFont_android_fontStyle
com.google.android.gms.internal.ads.zzfjk: java.lang.String zzI
com.google.android.gms.location.LocationSettingsResult: android.os.Parcelable$Creator CREATOR
com.dexterous.flutterlocalnotifications.models.NotificationDetails: java.lang.Integer number
com.google.android.gms.internal.ads.zzban: int zzf
io.sentry.android.core.SentryAndroidOptions: boolean attachAnrThreadDump
com.dexterous.flutterlocalnotifications.models.NotificationDetails: java.lang.String category
io.sentry.flutter.R$id: int rtl
com.dexterous.flutterlocalnotifications.FlutterLocalNotificationsPlugin: java.lang.String DELETE_NOTIFICATION_CHANNEL_METHOD
com.dexterous.flutterlocalnotifications.models.NotificationChannelDetails: java.lang.String VIBRATION_PATTERN
androidx.window.layout.HardwareFoldingFeature$Type: androidx.window.layout.HardwareFoldingFeature$Type HINGE
io.sentry.DataCategory: java.lang.String category
com.google.android.gms.internal.ads.zzbaj: int zzl
io.sentry.flutter.R$color: int notification_action_color_filter
com.google.android.gms.internal.measurement.zzei: int zzd
com.google.android.gms.appset.zza: android.os.Parcelable$Creator CREATOR
com.google.android.gms.internal.ads.zzfoh: android.os.Parcelable$Creator CREATOR
com.google.android.gms.vision.barcode.Barcode$Address: android.os.Parcelable$Creator CREATOR
com.google.android.gms.internal.ads.zzgyb: boolean zzk
io.sentry.android.core.SentryAndroidOptions: boolean collectAdditionalContext
androidx.window.R$styleable: int[] SplitPairFilter
com.dexterous.flutterlocalnotifications.FlutterLocalNotificationsPlugin: java.lang.String PERMISSION_REQUEST_IN_PROGRESS_ERROR_CODE
io.sentry.flutter.R$id: int accessibility_action_clickable_span
io.sentry.SentryOptions: io.sentry.SentryOptions$BeforeSendCallback beforeSend
com.google.android.gms.internal.vision.zzfi$zzf: com.google.android.gms.internal.vision.zzjl zzk
io.sentry.flutter.R$attr: int ttcIndex
com.google.android.gms.internal.ads.zzapj: long zzo
io.sentry.flutter.R$id: int accessibility_custom_action_14
io.sentry.SentryOptions$RequestSize: io.sentry.SentryOptions$RequestSize MEDIUM
com.google.android.gms.ads.internal.zzj: android.os.Parcelable$Creator CREATOR
com.google.android.gms.internal.measurement.zzem: com.google.android.gms.internal.measurement.zzem zza
com.dexterous.flutterlocalnotifications.models.NotificationChannelDetails: java.lang.String PLAY_SOUND
com.google.android.gms.internal.ads.zzbaz: int zze
com.google.android.gms.internal.ads.zzgyn: boolean zzg
com.google.android.gms.internal.ads.zzfjo: int zzd
io.sentry.SpanStatus: io.sentry.SpanStatus ALREADY_EXISTS
com.dexterous.flutterlocalnotifications.FlutterLocalNotificationsPlugin: java.lang.String INVALID_RAW_RESOURCE_ERROR_MESSAGE
com.dexterous.flutterlocalnotifications.models.NotificationAction: java.lang.String ALLOW_GENERATED_REPLIES
com.dexterous.flutterlocalnotifications.models.NotificationAction: java.util.List actionInputs
io.sentry.SpanStatus: io.sentry.SpanStatus RESOURCE_EXHAUSTED
com.google.android.gms.internal.measurement.zzlb: int zzd
com.google.android.gms.internal.ads.zzayp: com.google.android.gms.internal.ads.zzayp zzb
com.dexterous.flutterlocalnotifications.models.styles.MessagingStyleInformation: java.util.ArrayList messages
com.google.android.gms.internal.ads.zzapj: int zzX
kotlinx.coroutines.CompletedExceptionally: int _handled