build/app/outputs/mapping/release/usage.txt
com.aloit.shipper.app_shipper.BuildConfig
com.aloit.shipper.app_shipper.R$anim
com.aloit.shipper.app_shipper.R$animator
com.aloit.shipper.app_shipper.R$attr
com.aloit.shipper.app_shipper.R$bool
com.aloit.shipper.app_shipper.R$color
com.aloit.shipper.app_shipper.R$dimen
com.aloit.shipper.app_shipper.R$drawable
com.aloit.shipper.app_shipper.R$id
com.aloit.shipper.app_shipper.R$integer
com.aloit.shipper.app_shipper.R$interpolator
com.aloit.shipper.app_shipper.R$layout
com.aloit.shipper.app_shipper.R$mipmap
com.aloit.shipper.app_shipper.R$plurals
com.aloit.shipper.app_shipper.R$raw
com.aloit.shipper.app_shipper.R$string
com.aloit.shipper.app_shipper.R$style
com.aloit.shipper.app_shipper.R$styleable
com.aloit.shipper.app_shipper.R$xml
com.aloit.shipper.app_shipper.R
...
com.google.common.base.Joiner$MapJoiner
com.google.common.base.Joiner
com.google.common.base.MoreObjects$1
com.google.common.base.MoreObjects$ToStringHelper$UnconditionalValueHolder
com.google.common.base.MoreObjects$ToStringHelper$ValueHolder
com.google.common.base.MoreObjects$ToStringHelper
com.google.common.base.MoreObjects
com.google.common.base.NullnessCasts
com.google.common.base.Objects
com.google.common.base.Optional$1$1
com.google.common.base.Optional$1
com.google.common.base.Optional
com.google.common.base.PairwiseEquivalence
com.google.common.base.ParametricNullness
com.google.common.base.PatternCompiler
com.google.common.base.Platform$1
com.google.common.base.Platform$JdkPatternCompiler
com.google.common.base.Platform
com.google.common.base.Preconditions
com.google.common.base.Predicate
com.google.common.base.Predicates$1
com.google.common.base.Predicates$AndPredicate
com.google.common.base.Predicates$CompositionPredicate
com.google.common.base.Predicates$ContainsPatternFromStringPredicate
com.google.common.base.Predicates$ContainsPatternPredicate
com.google.common.base.Predicates$InPredicate
com.google.common.base.Predicates$InstanceOfPredicate
com.google.common.base.Predicates$IsEqualToPredicate
com.google.common.base.Predicates$NotPredicate
com.google.common.base.Predicates$ObjectPredicate$1
com.google.common.base.Predicates$ObjectPredicate$2
com.google.common.base.Predicates$ObjectPredicate$3
com.google.common.base.Predicates$ObjectPredicate$4
com.google.common.base.Predicates$ObjectPredicate
com.google.common.base.Predicates$OrPredicate
com.google.common.base.Predicates$SubtypeOfPredicate
com.google.common.base.Predicates
com.google.common.base.Present
com.google.common.base.SmallCharMatcher
com.google.common.base.Splitter$1$1
com.google.common.base.Splitter$1
com.google.common.base.Splitter$2$1
com.google.common.base.Splitter$2
com.google.common.base.Splitter$3$1
com.google.common.base.Splitter$3
com.google.common.base.Splitter$4$1
com.google.common.base.Splitter$4
com.google.common.base.Splitter$5
com.google.common.base.Splitter$MapSplitter
com.google.common.base.Splitter$SplittingIterator
com.google.common.base.Splitter$Strategy
com.google.common.base.Splitter
com.google.common.base.StandardSystemProperty
com.google.common.base.Stopwatch$1
com.google.common.base.Stopwatch
com.google.common.base.Strings
com.google.common.base.Supplier
com.google.common.base.Suppliers$ExpiringMemoizingSupplier
com.google.common.base.Suppliers$MemoizingSupplier
com.google.common.base.Suppliers$NonSerializableMemoizingSupplier
com.google.common.base.Suppliers$SupplierComposition
com.google.common.base.Suppliers$SupplierFunction
com.google.common.base.Suppliers$SupplierFunctionImpl
com.google.common.base.Suppliers$SupplierOfInstance
com.google.common.base.Suppliers$ThreadSafeSupplier
com.google.common.base.Suppliers
com.google.common.base.Throwables$1
com.google.common.base.Throwables
com.google.common.base.Ticker$1
com.google.common.base.Ticker
com.google.common.base.Utf8
com.google.common.base.Verify
com.google.common.base.VerifyException
com.google.common.base.internal.Finalizer
com.google.common.base.package-info
com.google.common.cache.AbstractCache$SimpleStatsCounter
com.google.common.cache.AbstractCache$StatsCounter
com.google.common.cache.AbstractCache
com.google.common.cache.AbstractLoadingCache
com.google.common.cache.Cache
com.google.common.cache.CacheBuilder$1
com.google.common.cache.CacheBuilder$2
com.google.common.cache.CacheBuilder$3
com.google.common.cache.CacheBuilder$NullListener
com.google.common.cache.CacheBuilder$OneWeigher
com.google.common.cache.CacheBuilder
com.google.common.cache.CacheBuilderSpec$1
com.google.common.cache.CacheBuilderSpec$AccessDurationParser
com.google.common.cache.CacheBuilderSpec$ConcurrencyLevelParser
com.google.common.cache.CacheBuilderSpec$DurationParser
com.google.common.cache.CacheBuilderSpec$InitialCapacityParser
com.google.common.cache.CacheBuilderSpec$IntegerParser